[2020-12-01 18:36:50] local.ERROR: syntax error, unexpected '}', expecting ';' {"exception":"[object] (ParseError(code: 0): syntax error, unexpected '}', expecting ';' at /home/matheus/Documentos/2020.2/web/talk222/app/Http/Controllers/IndiqueController.php:12)
[stacktrace]
#0 /home/matheus/Documentos/2020.2/web/talk222/vendor/composer/ClassLoader.php(322): Composer\\Autoload\\includeFile()
#1 [internal function]: Composer\\Autoload\\ClassLoader->loadClass()
#2 [internal function]: spl_autoload_call()
#3 /home/matheus/Documentos/2020.2/web/talk222/vendor/laravel/framework/src/Illuminate/Container/Container.php(830): ReflectionClass->__construct()
#4 /home/matheus/Documentos/2020.2/web/talk222/vendor/laravel/framework/src/Illuminate/Container/Container.php(712): Illuminate\\Container\\Container->build()
#5 /home/matheus/Documentos/2020.2/web/talk222/vendor/laravel/framework/src/Illuminate/Foundation/Application.php(796): Illuminate\\Container\\Container->resolve()
#6 /home/matheus/Documentos/2020.2/web/talk222/vendor/laravel/framework/src/Illuminate/Container/Container.php(651): Illuminate\\Foundation\\Application->resolve()
#7 /home/matheus/Documentos/2020.2/web/talk222/vendor/laravel/framework/src/Illuminate/Foundation/Application.php(781): Illuminate\\Container\\Container->make()
#8 /home/matheus/Documentos/2020.2/web/talk222/vendor/laravel/framework/src/Illuminate/Routing/Route.php(268): Illuminate\\Foundation\\Application->make()
#9 /home/matheus/Documentos/2020.2/web/talk222/vendor/laravel/framework/src/Illuminate/Routing/Route.php(989): Illuminate\\Routing\\Route->getController()
#10 /home/matheus/Documentos/2020.2/web/talk222/vendor/laravel/framework/src/Illuminate/Routing/Route.php(950): Illuminate\\Routing\\Route->controllerMiddleware()
#11 /home/matheus/Documentos/2020.2/web/talk222/vendor/laravel/framework/src/Illuminate/Routing/Router.php(709): Illuminate\\Routing\\Route->gatherMiddleware()
#12 /home/matheus/Documentos/2020.2/web/talk222/vendor/laravel/framework/src/Illuminate/Routing/Router.php(685): Illuminate\\Routing\\Router->gatherRouteMiddleware()
#13 /home/matheus/Documentos/2020.2/web/talk222/vendor/laravel/framework/src/Illuminate/Routing/Router.php(669): Illuminate\\Routing\\Router->runRouteWithinStack()
#14 /home/matheus/Documentos/2020.2/web/talk222/vendor/laravel/framework/src/Illuminate/Routing/Router.php(635): Illuminate\\Routing\\Router->runRoute()
#15 /home/matheus/Documentos/2020.2/web/talk222/vendor/laravel/framework/src/Illuminate/Routing/Router.php(624): Illuminate\\Routing\\Router->dispatchToRoute()
#16 /home/matheus/Documentos/2020.2/web/talk222/vendor/laravel/framework/src/Illuminate/Foundation/Http/Kernel.php(166): Illuminate\\Routing\\Router->dispatch()
#17 /home/matheus/Documentos/2020.2/web/talk222/vendor/laravel/framework/src/Illuminate/Pipeline/Pipeline.php(128): Illuminate\\Foundation\\Http\\Kernel->Illuminate\\Foundation\\Http\\{closure}()
#18 /home/matheus/Documentos/2020.2/web/talk222/vendor/laravel/framework/src/Illuminate/Foundation/Http/Middleware/TransformsRequest.php(21): Illuminate\\Pipeline\\Pipeline->Illuminate\\Pipeline\\{closure}()
#19 /home/matheus/Documentos/2020.2/web/talk222/vendor/laravel/framework/src/Illuminate/Pipeline/Pipeline.php(167): Illuminate\\Foundation\\Http\\Middleware\\TransformsRequest->handle()
#20 /home/matheus/Documentos/2020.2/web/talk222/vendor/laravel/framework/src/Illuminate/Foundation/Http/Middleware/TransformsRequest.php(21): Illuminate\\Pipeline\\Pipeline->Illuminate\\Pipeline\\{closure}()
#21 /home/matheus/Documentos/2020.2/web/talk222/vendor/laravel/framework/src/Illuminate/Pipeline/Pipeline.php(167): Illuminate\\Foundation\\Http\\Middleware\\TransformsRequest->handle()
#22 /home/matheus/Documentos/2020.2/web/talk222/vendor/laravel/framework/src/Illuminate/Foundation/Http/Middleware/ValidatePostSize.php(27): Illuminate\\Pipeline\\Pipeline->Illuminate\\Pipeline\\{closure}()
#23 /home/matheus/Documentos/2020.2/web/talk222/vendor/laravel/framework/src/Illuminate/Pipeline/Pipeline.php(167): Illuminate\\Foundation\\Http\\Middleware\\ValidatePostSize->handle()
#24 /home/matheus/Documentos/2020.2/web/talk222/vendor/laravel/framework/src/Illuminate/Foundation/Http/Middleware/PreventRequestsDuringMaintenance.php(87): Illuminate\\Pipeline\\Pipeline->Illuminate\\Pipeline\\{closure}()
#25 /home/matheus/Documentos/2020.2/web/talk222/vendor/laravel/framework/src/Illuminate/Pipeline/Pipeline.php(167): Illuminate\\Foundation\\Http\\Middleware\\PreventRequestsDuringMaintenance->handle()
#26 /home/matheus/Documentos/2020.2/web/talk222/vendor/fruitcake/laravel-cors/src/HandleCors.php(37): Illuminate\\Pipeline\\Pipeline->Illuminate\\Pipeline\\{closure}()
#27 /home/matheus/Documentos/2020.2/web/talk222/vendor/laravel/framework/src/Illuminate/Pipeline/Pipeline.php(167): Fruitcake\\Cors\\HandleCors->handle()
#28 /home/matheus/Documentos/2020.2/web/talk222/vendor/fideloper/proxy/src/TrustProxies.php(57): Illuminate\\Pipeline\\Pipeline->Illuminate\\Pipeline\\{closure}()
#29 /home/matheus/Documentos/2020.2/web/talk222/vendor/laravel/framework/src/Illuminate/Pipeline/Pipeline.php(167): Fideloper\\Proxy\\TrustProxies->handle()
#30 /home/matheus/Documentos/2020.2/web/talk222/vendor/laravel/framework/src/Illuminate/Http/Middleware/TrustHosts.php(48): Illuminate\\Pipeline\\Pipeline->Illuminate\\Pipeline\\{closure}()
#31 /home/matheus/Documentos/2020.2/web/talk222/vendor/laravel/framework/src/Illuminate/Pipeline/Pipeline.php(167): Illuminate\\Http\\Middleware\\TrustHosts->handle()
#32 /home/matheus/Documentos/2020.2/web/talk222/vendor/laravel/framework/src/Illuminate/Pipeline/Pipeline.php(103): Illuminate\\Pipeline\\Pipeline->Illuminate\\Pipeline\\{closure}()
#33 /home/matheus/Documentos/2020.2/web/talk222/vendor/laravel/framework/src/Illuminate/Foundation/Http/Kernel.php(141): Illuminate\\Pipeline\\Pipeline->then()
#34 /home/matheus/Documentos/2020.2/web/talk222/vendor/laravel/framework/src/Illuminate/Foundation/Http/Kernel.php(110): Illuminate\\Foundation\\Http\\Kernel->sendRequestThroughRouter()
#35 /home/matheus/Documentos/2020.2/web/talk222/public/index.php(52): Illuminate\\Foundation\\Http\\Kernel->handle()
#36 /home/matheus/Documentos/2020.2/web/talk222/server.php(21): require_once('/home/matheus/D...')
#37 {main}
"} 
[2020-12-01 18:37:49] local.ERROR: Target class [App\Http\Controllers\FaleConoscoHomeController] does not exist. {"exception":"[object] (Illuminate\\Contracts\\Container\\BindingResolutionException(code: 0): Target class [App\\Http\\Controllers\\FaleConoscoHomeController] does not exist. at /home/matheus/Documentos/2020.2/web/talk222/vendor/laravel/framework/src/Illuminate/Container/Container.php:832)
[stacktrace]
#0 /home/matheus/Documentos/2020.2/web/talk222/vendor/laravel/framework/src/Illuminate/Container/Container.php(712): Illuminate\\Container\\Container->build()
#1 /home/matheus/Documentos/2020.2/web/talk222/vendor/laravel/framework/src/Illuminate/Foundation/Application.php(796): Illuminate\\Container\\Container->resolve()
#2 /home/matheus/Documentos/2020.2/web/talk222/vendor/laravel/framework/src/Illuminate/Container/Container.php(651): Illuminate\\Foundation\\Application->resolve()
#3 /home/matheus/Documentos/2020.2/web/talk222/vendor/laravel/framework/src/Illuminate/Foundation/Application.php(781): Illuminate\\Container\\Container->make()
#4 /home/matheus/Documentos/2020.2/web/talk222/vendor/laravel/framework/src/Illuminate/Routing/Route.php(268): Illuminate\\Foundation\\Application->make()
#5 /home/matheus/Documentos/2020.2/web/talk222/vendor/laravel/framework/src/Illuminate/Routing/Route.php(989): Illuminate\\Routing\\Route->getController()
#6 /home/matheus/Documentos/2020.2/web/talk222/vendor/laravel/framework/src/Illuminate/Routing/Route.php(950): Illuminate\\Routing\\Route->controllerMiddleware()
#7 /home/matheus/Documentos/2020.2/web/talk222/vendor/laravel/framework/src/Illuminate/Routing/Router.php(709): Illuminate\\Routing\\Route->gatherMiddleware()
#8 /home/matheus/Documentos/2020.2/web/talk222/vendor/laravel/framework/src/Illuminate/Routing/Router.php(685): Illuminate\\Routing\\Router->gatherRouteMiddleware()
#9 /home/matheus/Documentos/2020.2/web/talk222/vendor/laravel/framework/src/Illuminate/Routing/Router.php(669): Illuminate\\Routing\\Router->runRouteWithinStack()
#10 /home/matheus/Documentos/2020.2/web/talk222/vendor/laravel/framework/src/Illuminate/Routing/Router.php(635): Illuminate\\Routing\\Router->runRoute()
#11 /home/matheus/Documentos/2020.2/web/talk222/vendor/laravel/framework/src/Illuminate/Routing/Router.php(624): Illuminate\\Routing\\Router->dispatchToRoute()
#12 /home/matheus/Documentos/2020.2/web/talk222/vendor/laravel/framework/src/Illuminate/Foundation/Http/Kernel.php(166): Illuminate\\Routing\\Router->dispatch()
#13 /home/matheus/Documentos/2020.2/web/talk222/vendor/laravel/framework/src/Illuminate/Pipeline/Pipeline.php(128): Illuminate\\Foundation\\Http\\Kernel->Illuminate\\Foundation\\Http\\{closure}()
#14 /home/matheus/Documentos/2020.2/web/talk222/vendor/laravel/framework/src/Illuminate/Foundation/Http/Middleware/TransformsRequest.php(21): Illuminate\\Pipeline\\Pipeline->Illuminate\\Pipeline\\{closure}()
#15 /home/matheus/Documentos/2020.2/web/talk222/vendor/laravel/framework/src/Illuminate/Pipeline/Pipeline.php(167): Illuminate\\Foundation\\Http\\Middleware\\TransformsRequest->handle()
#16 /home/matheus/Documentos/2020.2/web/talk222/vendor/laravel/framework/src/Illuminate/Foundation/Http/Middleware/TransformsRequest.php(21): Illuminate\\Pipeline\\Pipeline->Illuminate\\Pipeline\\{closure}()
#17 /home/matheus/Documentos/2020.2/web/talk222/vendor/laravel/framework/src/Illuminate/Pipeline/Pipeline.php(167): Illuminate\\Foundation\\Http\\Middleware\\TransformsRequest->handle()
#18 /home/matheus/Documentos/2020.2/web/talk222/vendor/laravel/framework/src/Illuminate/Foundation/Http/Middleware/ValidatePostSize.php(27): Illuminate\\Pipeline\\Pipeline->Illuminate\\Pipeline\\{closure}()
#19 /home/matheus/Documentos/2020.2/web/talk222/vendor/laravel/framework/src/Illuminate/Pipeline/Pipeline.php(167): Illuminate\\Foundation\\Http\\Middleware\\ValidatePostSize->handle()
#20 /home/matheus/Documentos/2020.2/web/talk222/vendor/laravel/framework/src/Illuminate/Foundation/Http/Middleware/PreventRequestsDuringMaintenance.php(87): Illuminate\\Pipeline\\Pipeline->Illuminate\\Pipeline\\{closure}()
#21 /home/matheus/Documentos/2020.2/web/talk222/vendor/laravel/framework/src/Illuminate/Pipeline/Pipeline.php(167): Illuminate\\Foundation\\Http\\Middleware\\PreventRequestsDuringMaintenance->handle()
#22 /home/matheus/Documentos/2020.2/web/talk222/vendor/fruitcake/laravel-cors/src/HandleCors.php(37): Illuminate\\Pipeline\\Pipeline->Illuminate\\Pipeline\\{closure}()
#23 /home/matheus/Documentos/2020.2/web/talk222/vendor/laravel/framework/src/Illuminate/Pipeline/Pipeline.php(167): Fruitcake\\Cors\\HandleCors->handle()
#24 /home/matheus/Documentos/2020.2/web/talk222/vendor/fideloper/proxy/src/TrustProxies.php(57): Illuminate\\Pipeline\\Pipeline->Illuminate\\Pipeline\\{closure}()
#25 /home/matheus/Documentos/2020.2/web/talk222/vendor/laravel/framework/src/Illuminate/Pipeline/Pipeline.php(167): Fideloper\\Proxy\\TrustProxies->handle()
#26 /home/matheus/Documentos/2020.2/web/talk222/vendor/laravel/framework/src/Illuminate/Http/Middleware/TrustHosts.php(48): Illuminate\\Pipeline\\Pipeline->Illuminate\\Pipeline\\{closure}()
#27 /home/matheus/Documentos/2020.2/web/talk222/vendor/laravel/framework/src/Illuminate/Pipeline/Pipeline.php(167): Illuminate\\Http\\Middleware\\TrustHosts->handle()
#28 /home/matheus/Documentos/2020.2/web/talk222/vendor/laravel/framework/src/Illuminate/Pipeline/Pipeline.php(103): Illuminate\\Pipeline\\Pipeline->Illuminate\\Pipeline\\{closure}()
#29 /home/matheus/Documentos/2020.2/web/talk222/vendor/laravel/framework/src/Illuminate/Foundation/Http/Kernel.php(141): Illuminate\\Pipeline\\Pipeline->then()
#30 /home/matheus/Documentos/2020.2/web/talk222/vendor/laravel/framework/src/Illuminate/Foundation/Http/Kernel.php(110): Illuminate\\Foundation\\Http\\Kernel->sendRequestThroughRouter()
#31 /home/matheus/Documentos/2020.2/web/talk222/public/index.php(52): Illuminate\\Foundation\\Http\\Kernel->handle()
#32 /home/matheus/Documentos/2020.2/web/talk222/server.php(21): require_once('/home/matheus/D...')
#33 {main}

[previous exception] [object] (ReflectionException(code: -1): Class App\\Http\\Controllers\\FaleConoscoHomeController does not exist at /home/matheus/Documentos/2020.2/web/talk222/vendor/laravel/framework/src/Illuminate/Container/Container.php:830)
[stacktrace]
#0 /home/matheus/Documentos/2020.2/web/talk222/vendor/laravel/framework/src/Illuminate/Container/Container.php(830): ReflectionClass->__construct()
#1 /home/matheus/Documentos/2020.2/web/talk222/vendor/laravel/framework/src/Illuminate/Container/Container.php(712): Illuminate\\Container\\Container->build()
#2 /home/matheus/Documentos/2020.2/web/talk222/vendor/laravel/framework/src/Illuminate/Foundation/Application.php(796): Illuminate\\Container\\Container->resolve()
#3 /home/matheus/Documentos/2020.2/web/talk222/vendor/laravel/framework/src/Illuminate/Container/Container.php(651): Illuminate\\Foundation\\Application->resolve()
#4 /home/matheus/Documentos/2020.2/web/talk222/vendor/laravel/framework/src/Illuminate/Foundation/Application.php(781): Illuminate\\Container\\Container->make()
#5 /home/matheus/Documentos/2020.2/web/talk222/vendor/laravel/framework/src/Illuminate/Routing/Route.php(268): Illuminate\\Foundation\\Application->make()
#6 /home/matheus/Documentos/2020.2/web/talk222/vendor/laravel/framework/src/Illuminate/Routing/Route.php(989): Illuminate\\Routing\\Route->getController()
#7 /home/matheus/Documentos/2020.2/web/talk222/vendor/laravel/framework/src/Illuminate/Routing/Route.php(950): Illuminate\\Routing\\Route->controllerMiddleware()
#8 /home/matheus/Documentos/2020.2/web/talk222/vendor/laravel/framework/src/Illuminate/Routing/Router.php(709): Illuminate\\Routing\\Route->gatherMiddleware()
#9 /home/matheus/Documentos/2020.2/web/talk222/vendor/laravel/framework/src/Illuminate/Routing/Router.php(685): Illuminate\\Routing\\Router->gatherRouteMiddleware()
#10 /home/matheus/Documentos/2020.2/web/talk222/vendor/laravel/framework/src/Illuminate/Routing/Router.php(669): Illuminate\\Routing\\Router->runRouteWithinStack()
#11 /home/matheus/Documentos/2020.2/web/talk222/vendor/laravel/framework/src/Illuminate/Routing/Router.php(635): Illuminate\\Routing\\Router->runRoute()
#12 /home/matheus/Documentos/2020.2/web/talk222/vendor/laravel/framework/src/Illuminate/Routing/Router.php(624): Illuminate\\Routing\\Router->dispatchToRoute()
#13 /home/matheus/Documentos/2020.2/web/talk222/vendor/laravel/framework/src/Illuminate/Foundation/Http/Kernel.php(166): Illuminate\\Routing\\Router->dispatch()
#14 /home/matheus/Documentos/2020.2/web/talk222/vendor/laravel/framework/src/Illuminate/Pipeline/Pipeline.php(128): Illuminate\\Foundation\\Http\\Kernel->Illuminate\\Foundation\\Http\\{closure}()
#15 /home/matheus/Documentos/2020.2/web/talk222/vendor/laravel/framework/src/Illuminate/Foundation/Http/Middleware/TransformsRequest.php(21): Illuminate\\Pipeline\\Pipeline->Illuminate\\Pipeline\\{closure}()
#16 /home/matheus/Documentos/2020.2/web/talk222/vendor/laravel/framework/src/Illuminate/Pipeline/Pipeline.php(167): Illuminate\\Foundation\\Http\\Middleware\\TransformsRequest->handle()
#17 /home/matheus/Documentos/2020.2/web/talk222/vendor/laravel/framework/src/Illuminate/Foundation/Http/Middleware/TransformsRequest.php(21): Illuminate\\Pipeline\\Pipeline->Illuminate\\Pipeline\\{closure}()
#18 /home/matheus/Documentos/2020.2/web/talk222/vendor/laravel/framework/src/Illuminate/Pipeline/Pipeline.php(167): Illuminate\\Foundation\\Http\\Middleware\\TransformsRequest->handle()
#19 /home/matheus/Documentos/2020.2/web/talk222/vendor/laravel/framework/src/Illuminate/Foundation/Http/Middleware/ValidatePostSize.php(27): Illuminate\\Pipeline\\Pipeline->Illuminate\\Pipeline\\{closure}()
#20 /home/matheus/Documentos/2020.2/web/talk222/vendor/laravel/framework/src/Illuminate/Pipeline/Pipeline.php(167): Illuminate\\Foundation\\Http\\Middleware\\ValidatePostSize->handle()
#21 /home/matheus/Documentos/2020.2/web/talk222/vendor/laravel/framework/src/Illuminate/Foundation/Http/Middleware/PreventRequestsDuringMaintenance.php(87): Illuminate\\Pipeline\\Pipeline->Illuminate\\Pipeline\\{closure}()
#22 /home/matheus/Documentos/2020.2/web/talk222/vendor/laravel/framework/src/Illuminate/Pipeline/Pipeline.php(167): Illuminate\\Foundation\\Http\\Middleware\\PreventRequestsDuringMaintenance->handle()
#23 /home/matheus/Documentos/2020.2/web/talk222/vendor/fruitcake/laravel-cors/src/HandleCors.php(37): Illuminate\\Pipeline\\Pipeline->Illuminate\\Pipeline\\{closure}()
#24 /home/matheus/Documentos/2020.2/web/talk222/vendor/laravel/framework/src/Illuminate/Pipeline/Pipeline.php(167): Fruitcake\\Cors\\HandleCors->handle()
#25 /home/matheus/Documentos/2020.2/web/talk222/vendor/fideloper/proxy/src/TrustProxies.php(57): Illuminate\\Pipeline\\Pipeline->Illuminate\\Pipeline\\{closure}()
#26 /home/matheus/Documentos/2020.2/web/talk222/vendor/laravel/framework/src/Illuminate/Pipeline/Pipeline.php(167): Fideloper\\Proxy\\TrustProxies->handle()
#27 /home/matheus/Documentos/2020.2/web/talk222/vendor/laravel/framework/src/Illuminate/Http/Middleware/TrustHosts.php(48): Illuminate\\Pipeline\\Pipeline->Illuminate\\Pipeline\\{closure}()
#28 /home/matheus/Documentos/2020.2/web/talk222/vendor/laravel/framework/src/Illuminate/Pipeline/Pipeline.php(167): Illuminate\\Http\\Middleware\\TrustHosts->handle()
#29 /home/matheus/Documentos/2020.2/web/talk222/vendor/laravel/framework/src/Illuminate/Pipeline/Pipeline.php(103): Illuminate\\Pipeline\\Pipeline->Illuminate\\Pipeline\\{closure}()
#30 /home/matheus/Documentos/2020.2/web/talk222/vendor/laravel/framework/src/Illuminate/Foundation/Http/Kernel.php(141): Illuminate\\Pipeline\\Pipeline->then()
#31 /home/matheus/Documentos/2020.2/web/talk222/vendor/laravel/framework/src/Illuminate/Foundation/Http/Kernel.php(110): Illuminate\\Foundation\\Http\\Kernel->sendRequestThroughRouter()
#32 /home/matheus/Documentos/2020.2/web/talk222/public/index.php(52): Illuminate\\Foundation\\Http\\Kernel->handle()
#33 /home/matheus/Documentos/2020.2/web/talk222/server.php(21): require_once('/home/matheus/D...')
#34 {main}
"} 
